<?xml version="1.0" encoding="UTF-8"?>
<testsuite name="com.example.awsstudy.AwsStudyApplicationTests" tests="1" skipped="0" failures="0" errors="0" timestamp="2022-05-16T01:54:06" hostname="woong-virtual-machine" time="0.632">
  <properties/>
  <testcase name="contextLoads()" classname="com.example.awsstudy.AwsStudyApplicationTests" time="0.632"/>
  <system-out><![CDATA[10:54:02.421 [Test worker] DEBUG org.springframework.test.context.BootstrapUtils - Instantiating CacheAwareContextLoaderDelegate from class [org.springframework.test.context.cache.DefaultCacheAwareContextLoaderDelegate]
10:54:02.437 [Test worker] DEBUG org.springframework.test.context.BootstrapUtils - Instantiating BootstrapContext using constructor [public org.springframework.test.context.support.DefaultBootstrapContext(java.lang.Class,org.springframework.test.context.CacheAwareContextLoaderDelegate)]
10:54:02.484 [Test worker] DEBUG org.springframework.test.context.BootstrapUtils - Instantiating TestContextBootstrapper for test class [com.example.awsstudy.AwsStudyApplicationTests] from class [org.springframework.boot.test.context.SpringBootTestContextBootstrapper]
10:54:02.504 [Test worker] INFO org.springframework.boot.test.context.SpringBootTestContextBootstrapper - Neither @ContextConfiguration nor @ContextHierarchy found for test class [com.example.awsstudy.AwsStudyApplicationTests], using SpringBootContextLoader
10:54:02.510 [Test worker] DEBUG org.springframework.test.context.support.AbstractContextLoader - Did not detect default resource location for test class [com.example.awsstudy.AwsStudyApplicationTests]: class path resource [com/example/awsstudy/AwsStudyApplicationTests-context.xml] does not exist
10:54:02.512 [Test worker] DEBUG org.springframework.test.context.support.AbstractContextLoader - Did not detect default resource location for test class [com.example.awsstudy.AwsStudyApplicationTests]: class path resource [com/example/awsstudy/AwsStudyApplicationTestsContext.groovy] does not exist
10:54:02.512 [Test worker] INFO org.springframework.test.context.support.AbstractContextLoader - Could not detect default resource locations for test class [com.example.awsstudy.AwsStudyApplicationTests]: no resource found for suffixes {-context.xml, Context.groovy}.
10:54:02.513 [Test worker] INFO org.springframework.test.context.support.AnnotationConfigContextLoaderUtils - Could not detect default configuration classes for test class [com.example.awsstudy.AwsStudyApplicationTests]: AwsStudyApplicationTests does not declare any static, non-private, non-final, nested classes annotated with @Configuration.
10:54:02.585 [Test worker] DEBUG org.springframework.test.context.support.ActiveProfilesUtils - Could not find an 'annotation declaring class' for annotation type [org.springframework.test.context.ActiveProfiles] and class [com.example.awsstudy.AwsStudyApplicationTests]
10:54:02.670 [Test worker] DEBUG org.springframework.context.annotation.ClassPathScanningCandidateComponentProvider - Identified candidate component class: file [/home/woong/code/sparata/awsStudy/awsStudy/build/classes/java/main/com/example/awsstudy/AwsStudyApplication.class]
10:54:02.703 [Test worker] INFO org.springframework.boot.test.context.SpringBootTestContextBootstrapper - Found @SpringBootConfiguration com.example.awsstudy.AwsStudyApplication for test class com.example.awsstudy.AwsStudyApplicationTests
10:54:02.884 [Test worker] DEBUG org.springframework.boot.test.context.SpringBootTestContextBootstrapper - @TestExecutionListeners is not present for class [com.example.awsstudy.AwsStudyApplicationTests]: using defaults.
10:54:02.887 [Test worker] INFO org.springframework.boot.test.context.SpringBootTestContextBootstrapper - Loaded default TestExecutionListener class names from location [META-INF/spring.factories]: [org.springframework.boot.test.autoconfigure.restdocs.RestDocsTestExecutionListener, org.springframework.boot.test.autoconfigure.web.client.MockRestServiceServerResetTestExecutionListener, org.springframework.boot.test.autoconfigure.web.servlet.MockMvcPrintOnlyOnFailureTestExecutionListener, org.springframework.boot.test.autoconfigure.web.servlet.WebDriverTestExecutionListener, org.springframework.boot.test.autoconfigure.webservices.client.MockWebServiceServerTestExecutionListener, org.springframework.boot.test.mock.mockito.MockitoTestExecutionListener, org.springframework.boot.test.mock.mockito.ResetMocksTestExecutionListener, org.springframework.test.context.web.ServletTestExecutionListener, org.springframework.test.context.support.DirtiesContextBeforeModesTestExecutionListener, org.springframework.test.context.event.ApplicationEventsTestExecutionListener, org.springframework.test.context.support.DependencyInjectionTestExecutionListener, org.springframework.test.context.support.DirtiesContextTestExecutionListener, org.springframework.test.context.transaction.TransactionalTestExecutionListener, org.springframework.test.context.jdbc.SqlScriptsTestExecutionListener, org.springframework.test.context.event.EventPublishingTestExecutionListener]
10:54:02.903 [Test worker] DEBUG org.springframework.boot.test.context.SpringBootTestContextBootstrapper - Skipping candidate TestExecutionListener [org.springframework.test.context.transaction.TransactionalTestExecutionListener] due to a missing dependency. Specify custom listener classes or make the default listener classes and their required dependencies available. Offending class: [org/springframework/transaction/interceptor/TransactionAttributeSource]
10:54:02.904 [Test worker] DEBUG org.springframework.boot.test.context.SpringBootTestContextBootstrapper - Skipping candidate TestExecutionListener [org.springframework.test.context.jdbc.SqlScriptsTestExecutionListener] due to a missing dependency. Specify custom listener classes or make the default listener classes and their required dependencies available. Offending class: [org/springframework/transaction/interceptor/TransactionAttribute]
10:54:02.904 [Test worker] INFO org.springframework.boot.test.context.SpringBootTestContextBootstrapper - Using TestExecutionListeners: [org.springframework.test.context.web.ServletTestExecutionListener@67ab1c47, org.springframework.test.context.support.DirtiesContextBeforeModesTestExecutionListener@b78a709, org.springframework.test.context.event.ApplicationEventsTestExecutionListener@30bcf3c1, org.springframework.boot.test.mock.mockito.MockitoTestExecutionListener@2a3c96e3, org.springframework.boot.test.autoconfigure.SpringBootDependencyInjectionTestExecutionListener@15cafec7, org.springframework.test.context.support.DirtiesContextTestExecutionListener@5b444398, org.springframework.test.context.event.EventPublishingTestExecutionListener@cb191ca, org.springframework.boot.test.autoconfigure.restdocs.RestDocsTestExecutionListener@42f48531, org.springframework.boot.test.autoconfigure.web.client.MockRestServiceServerResetTestExecutionListener@a776e, org.springframework.boot.test.autoconfigure.web.servlet.MockMvcPrintOnlyOnFailureTestExecutionListener@792bbc74, org.springframework.boot.test.autoconfigure.web.servlet.WebDriverTestExecutionListener@79145d5a, org.springframework.boot.test.autoconfigure.webservices.client.MockWebServiceServerTestExecutionListener@1f2f9244, org.springframework.boot.test.mock.mockito.ResetMocksTestExecutionListener@4c4d27c8]
10:54:02.908 [Test worker] DEBUG org.springframework.test.context.support.AbstractDirtiesContextTestExecutionListener - Before test class: context [DefaultTestContext@531c311e testClass = AwsStudyApplicationTests, testInstance = [null], testMethod = [null], testException = [null], mergedContextConfiguration = [WebMergedContextConfiguration@22b53226 testClass = AwsStudyApplicationTests, locations = '{}', classes = '{class com.example.awsstudy.AwsStudyApplication}', contextInitializerClasses = '[]', activeProfiles = '{}', propertySourceLocations = '{}', propertySourceProperties = '{org.springframework.boot.test.context.SpringBootTestContextBootstrapper=true}', contextCustomizers = set[org.springframework.boot.test.autoconfigure.actuate.metrics.MetricsExportContextCustomizerFactory$DisableMetricExportContextCustomizer@225129c, org.springframework.boot.test.autoconfigure.properties.PropertyMappingContextCustomizer@0, org.springframework.boot.test.autoconfigure.web.servlet.WebDriverContextCustomizerFactory$Customizer@20c0a64d, org.springframework.boot.test.context.filter.ExcludeFilterContextCustomizer@41ab013, org.springframework.boot.test.json.DuplicateJsonObjectContextCustomizerFactory$DuplicateJsonObjectContextCustomizer@82ea68c, org.springframework.boot.test.mock.mockito.MockitoContextCustomizer@0, org.springframework.boot.test.web.client.TestRestTemplateContextCustomizer@babafc2, org.springframework.boot.test.context.SpringBootTestArgs@1, org.springframework.boot.test.context.SpringBootTestWebEnvironment@7770f470], resourceBasePath = 'src/main/webapp', contextLoader = 'org.springframework.boot.test.context.SpringBootContextLoader', parent = [null]], attributes = map['org.springframework.test.context.web.ServletTestExecutionListener.activateListener' -> true]], class annotated with @DirtiesContext [false] with mode [null].

  .   ____          _            __ _ _
 /\\ / ___'_ __ _ _(_)_ __  __ _ \ \ \ \
( ( )\___ | '_ | '_| | '_ \/ _` | \ \ \ \
 \\/  ___)| |_)| | | | | || (_| |  ) ) ) )
  '  |____| .__|_| |_|_| |_\__, | / / / /
 =========|_|==============|___/=/_/_/_/
 :: Spring Boot ::                (v2.6.7)

2022-05-16 10:54:03.443  INFO 9061 --- [    Test worker] c.e.awsstudy.AwsStudyApplicationTests    : Starting AwsStudyApplicationTests using Java 11.0.15 on woong-virtual-machine with PID 9061 (started by woong in /home/woong/code/sparata/awsStudy/awsStudy)
2022-05-16 10:54:03.445  INFO 9061 --- [    Test worker] c.e.awsstudy.AwsStudyApplicationTests    : No active profile set, falling back to 1 default profile: "default"
2022-05-16 10:54:06.385  INFO 9061 --- [    Test worker] c.e.awsstudy.AwsStudyApplicationTests    : Started AwsStudyApplicationTests in 3.415 seconds (JVM running for 5.276)
]]></system-out>
  <system-err><![CDATA[]]></system-err>
</testsuite>
